#
# A fatal error has been detected by the Java Runtime Environment:
#
#  EXCEPTION_ACCESS_VIOLATION (0xc0000005) at pc=0x00007ffc7973cb76, pid=7692, tid=792
#
# JRE version: OpenJDK Runtime Environment (17.0.10) (build 17.0.10+0--11572160)
# Java VM: OpenJDK 64-Bit Server VM (17.0.10+0--11572160, mixed mode, tiered, compressed oops, compressed class ptrs, g1 gc, windows-amd64)
# Problematic frame:
# V  [jvm.dll+0xcb76]
#
# No core dump will be written. Minidumps are not enabled by default on client versions of Windows
#
# If you would like to submit a bug report, please visit:
#   https://bugreport.java.com/bugreport/crash.jsp
#

---------------  S U M M A R Y ------------

Command Line: --add-opens=java.base/java.util=ALL-UNNAMED --add-opens=java.base/java.lang=ALL-UNNAMED --add-opens=java.base/java.lang.invoke=ALL-UNNAMED --add-opens=java.prefs/java.util.prefs=ALL-UNNAMED --add-opens=java.base/java.nio.charset=ALL-UNNAMED --add-opens=java.base/java.net=ALL-UNNAMED --add-opens=java.base/java.util.concurrent.atomic=ALL-UNNAMED -Xmx2048m -Dfile.encoding=UTF-8 -Duser.country=ID -Duser.language=en -Duser.variant -javaagent:C:\Users\Mahrus\.gradle\wrapper\dists\gradle-8.6-bin\afr5mpiioh2wthjmwnkmdsd5w\gradle-8.6\lib\agents\gradle-instrumentation-agent-8.6.jar org.gradle.launcher.daemon.bootstrap.GradleDaemon 8.6

Host: AMD Ryzen 5 3600 6-Core Processor              , 12 cores, 15G,  Windows 10 , 64 bit Build 19041 (10.0.19041.3636)
Time: Mon Jun 24 21:31:44 2024 SE Asia Standard Time elapsed time: 4.197872 seconds (0d 0h 0m 4s)

---------------  T H R E A D  ---------------

Current thread (0x0000025f4b8f48f0):  ConcurrentGCThread "G1 Conc#1" [stack: 0x000000bf19400000,0x000000bf19500000] [id=792]

Stack: [0x000000bf19400000,0x000000bf19500000],  sp=0x000000bf194ffb08,  free space=1022k
Native frames: (J=compiled Java code, j=interpreted, Vv=VM code, C=native code)
V  [jvm.dll+0xcb76]


siginfo: EXCEPTION_ACCESS_VIOLATION (0xc0000005), reading address 0x000000039b0a4330


Registers:
RAX=0x0000000000000000, RBX=0x0000025f2b62e201, RCX=0x0000000082d241a8, RDX=0x0000000082d241a8
RSP=0x000000bf194ffb08, RBP=0x0000000000000002, RSI=0x0000025f2b62e1c0, RDI=0x0000000082d241a8
R8 =0x0000025f40cc4900, R9 =0x000000039b0a4328, R10=0x0000000000000003, R11=0x0000000000000003
R12=0x0000000000000002, R13=0x00007ffc7a257e40, R14=0x000000008cb00000, R15=0x000000bf16fff850
RIP=0x00007ffc7973cb76, EFLAGS=0x0000000000010206


Register to memory mapping:

RIP=0x00007ffc7973cb76 jvm.dll
RAX=0x0 is NULL
RBX=0x0000025f2b62e201 points into unknown readable memory: 2f 09 7a fc 7f 00 00
RCX=0x0000000082d241a8 is pointing into object: [B 
{0x0000000082d00000} - klass: {type array byte}
 - length: 2190717
RDX=0x0000000082d241a8 is pointing into object: [B 
{0x0000000082d00000} - klass: {type array byte}
 - length: 2190717
RSP=0x000000bf194ffb08 points into unknown readable memory: 0x00007ffc79a0cf88 | 88 cf a0 79 fc 7f 00 00
RBP=0x0000000000000002 is an unknown value
RSI=0x0000025f2b62e1c0 points into unknown readable memory: 0x0000025f2b63eb00 | 00 eb 63 2b 5f 02 00 00
RDI=0x0000000082d241a8 is pointing into object: [B 
{0x0000000082d00000} - klass: {type array byte}
 - length: 2190717
R8 =0x0000025f40cc4900 points into unknown readable memory: 0x0020000000000000 | 00 00 00 00 00 00 20 00
R9 =0x000000039b0a4328 is an unknown value
R10=0x0000000000000003 is an unknown value
R11=0x0000000000000003 is an unknown value
R12=0x0000000000000002 is an unknown value
R13=0x00007ffc7a257e40 jvm.dll
R14=0x000000008cb00000 is an oop: [B 
{0x000000008cb00000} - klass: {type array byte}
 - length: 247090
R15=0x000000bf16fff850 points into unknown readable memory: 0x00007ffc7a093508 | 08 35 09 7a fc 7f 00 00


Top of Stack: (sp=0x000000bf194ffb08)
0x000000bf194ffb08:   00007ffc79a0cf88 000000008cab99a8
0x000000bf194ffb18:   00007ffc79a1b0b7 000000008cadc6c0
0x000000bf194ffb28:   00007ffc79a1aac7 000000bf194ffb90
0x000000bf194ffb38:   00007ffc79a1aed5 000000008cadca1c
0x000000bf194ffb48:   0000025f2b62e270 000000008cadcf64
0x000000bf194ffb58:   000000008cb00000 0000000000000115
0x000000bf194ffb68:   00007ffc79a21864 00000001000595d0
0x000000bf194ffb78:   000000008cadc6c0 0000025f2b62e270
0x000000bf194ffb88:   000000bf00000001 00007ffc7a092f90
0x000000bf194ffb98:   0000000000000000 0000000000000003
0x000000bf194ffba8:   0000025f2b5e2fb0 0000025f2b62e1c0
0x000000bf194ffbb8:   0000000000000002 0000025f4b8f48f0
0x000000bf194ffbc8:   0000000000000000 0000000000000000
0x000000bf194ffbd8:   0000000000000000 0000000000000000
0x000000bf194ffbe8:   00007ffc79f9ff6b 0000000000000003
0x000000bf194ffbf8:   0000025f4b8f48f0 000000bf16fff850
0x000000bf194ffc08:   000000bf16fff850 00000000000075a3
0x000000bf194ffc18:   00007ffc79f9ffb6 0000025f4b8f48f0
0x000000bf194ffc28:   000000bfffffffff 0000025f2b5c9cc0
0x000000bf194ffc38:   0000000000000000 0000025f4b8f48f0
0x000000bf194ffc48:   00007ffc79f20d1a 0000000000000000
0x000000bf194ffc58:   00000000000075a3 0000025f4b8f48f0
0x000000bf194ffc68:   00007ffd003e3a81 0000000000000000
0x000000bf194ffc78:   0000000000000000 0000000000000000
0x000000bf194ffc88:   00007ffc79db7d05 0000025f4b8f48f0
0x000000bf194ffc98:   0000000000000000 0000000000000000
0x000000bf194ffca8:   0000000000000000 000000bf194fec80
0x000000bf194ffcb8:   0000000000000000 0000000000000000
0x000000bf194ffcc8:   00007ffd003f1bb2 0000025f4b8f48f0
0x000000bf194ffcd8:   00000000000075a3 0000025f4b32cc20
0x000000bf194ffce8:   0000000000000000 0000000000000000
0x000000bf194ffcf8:   00007ffd00b97344 0000000000000000 

Instructions: (pc=0x00007ffc7973cb76)
0x00007ffc7973ca76:   cc cc cc cc cc cc cc cc cc cc 4c 8b 01 4c 8b c9
0x00007ffc7973ca86:   48 8b 0d 03 64 b7 00 ba 64 60 08 00 e9 49 f1 ff
0x00007ffc7973ca96:   ff cc cc cc cc cc cc cc cc cc 8b 05 62 a8 b1 00
0x00007ffc7973caa6:   c3 cc cc cc cc cc cc cc cc cc 0f b6 05 62 6d b8
0x00007ffc7973cab6:   00 48 8b d1 84 c0 74 16 44 8b 41 08 8b 0d 40 a8
0x00007ffc7973cac6:   b1 00 49 d3 e0 4c 03 05 2e a8 b1 00 eb 04 4c 8b
0x00007ffc7973cad6:   41 08 45 8b 50 08 45 85 d2 7e 0e 41 f6 c2 01 75
0x00007ffc7973cae6:   53 41 c1 fa 03 41 8b c2 c3 79 49 84 c0 b9 10 00
0x00007ffc7973caf6:   00 00 8b 05 46 b7 b1 00 41 b8 0c 00 00 00 41 0f
0x00007ffc7973cb06:   45 c8 ff c8 4c 63 c8 48 63 14 11 41 8b ca 83 e1
0x00007ffc7973cb16:   3f 48 d3 e2 41 8b ca 48 c1 f9 10 0f b6 c1 49 8d
0x00007ffc7973cb26:   0c 11 49 f7 d1 48 03 c1 49 c1 e9 03 48 c1 e8 03
0x00007ffc7973cb36:   41 23 c1 c3 49 8b 00 49 8b c8 48 ff a0 00 01 00
0x00007ffc7973cb46:   00 cc cc cc cc cc cc cc cc cc 8b 44 24 30 45 03
0x00007ffc7973cb56:   c9 44 2b 4c 24 28 83 c0 0b 44 03 ca 45 03 c8 41
0x00007ffc7973cb66:   03 c1 c3 cc cc cc cc cc cc cc 4c 8b ca 48 8b d1
0x00007ffc7973cb76:   45 8b 41 08 45 85 c0 7e 0e 41 f6 c0 01 75 56 41
0x00007ffc7973cb86:   c1 f8 03 41 8b c0 c3 79 4c 80 3d 83 6c b8 00 00
0x00007ffc7973cb96:   b8 0c 00 00 00 b9 10 00 00 00 0f 45 c8 8b 05 9b
0x00007ffc7973cba6:   b6 b1 00 ff c8 4c 63 c8 48 63 14 11 41 8b c8 83
0x00007ffc7973cbb6:   e1 3f 48 d3 e2 41 8b c8 48 c1 f9 10 0f b6 c1 49
0x00007ffc7973cbc6:   8d 0c 11 49 f7 d1 48 03 c1 49 c1 e9 03 48 c1 e8
0x00007ffc7973cbd6:   03 41 23 c1 c3 49 8b 01 49 8b c9 48 ff a0 00 01
0x00007ffc7973cbe6:   00 00 cc cc cc cc cc cc cc cc 48 8b 41 08 0f b7
0x00007ffc7973cbf6:   48 2a 0f b7 40 28 83 c0 48 03 c1 c3 cc cc cc cc
0x00007ffc7973cc06:   cc cc cc cc cc cc cc cc cc cc 48 89 5c 24 08 57
0x00007ffc7973cc16:   48 83 ec 20 0f b6 05 0f 55 bd 00 48 8b fa 48 8b
0x00007ffc7973cc26:   d9 84 c0 74 4f 48 85 15 16 4d bd 00 74 38 48 8b
0x00007ffc7973cc36:   ca e8 44 76 86 00 48 8b d0 48 85 db 74 25 48 85
0x00007ffc7973cc46:   c0 74 20 48 8b c7 f0 48 0f b1 13 74 16 48 85 05
0x00007ffc7973cc56:   ee 4c bd 00 74 0d 48 8b c8 f0 48 0f b1 13 48 3b
0x00007ffc7973cc66:   c1 75 ea 48 8b fa 48 8b c7 48 8b 5c 24 30 48 83 


Stack slot to memory mapping:
stack at sp + 0 slots: 0x00007ffc79a0cf88 jvm.dll
stack at sp + 1 slots: 0x000000008cab99a8 is an oop: java.lang.ref.SoftReference 
{0x000000008cab99a8} - klass: 'java/lang/ref/SoftReference'
 - ---- fields (total size 5 words):
 - private 'referent' 'Ljava/lang/Object;' @12  a 'java/lang/Class$ReflectionData'{0x000000008cab99d0} (8cab99d0)
 - volatile 'queue' 'Ljava/lang/ref/ReferenceQueue;' @16  a 'java/lang/ref/ReferenceQueue$Null'{0x000000008073b320} (8073b320)
 - volatile 'next' 'Ljava/lang/ref/Reference;' @20  NULL (0)
 - private transient 'discovered' 'Ljava/lang/ref/Reference;' @24  NULL (0)
 - private 'timestamp' 'J' @32  6380754 (615cd2 0)
stack at sp + 2 slots: 0x00007ffc79a1b0b7 jvm.dll
stack at sp + 3 slots: 0x000000008cadc6c0 is an oop: [Ljava.lang.Object; 
{0x000000008cadc6c0} - klass: 'java/lang/Object'[]
 - length: 549
stack at sp + 4 slots: 0x00007ffc79a1aac7 jvm.dll
stack at sp + 5 slots: 0x000000bf194ffb90 points into unknown readable memory: 0x00007ffc7a092f90 | 90 2f 09 7a fc 7f 00 00
stack at sp + 6 slots: 0x00007ffc79a1aed5 jvm.dll
stack at sp + 7 slots: 0x000000008cadca1c is pointing into object: [Ljava.lang.Object; 
{0x000000008cadc6c0} - klass: 'java/lang/Object'[]
 - length: 549


---------------  P R O C E S S  ---------------

Threads class SMR info:
_java_thread_list=0x0000025f4d6cdcc0, length=55, elements={
0x0000025f2b5cd860, 0x0000025f45a49eb0, 0x0000025f45a4cfe0, 0x0000025f45a71320,
0x0000025f45a71df0, 0x0000025f45a746d0, 0x0000025f45a74fa0, 0x0000025f45a84040,
0x0000025f45a89e60, 0x0000025f45a8a770, 0x0000025f45b85fd0, 0x0000025f4a023a40,
0x0000025f4a0395a0, 0x0000025f4c7192a0, 0x0000025f4b972ff0, 0x0000025f4b32edd0,
0x0000025f4c36ba90, 0x0000025f4c361b80, 0x0000025f4bc63b90, 0x0000025f4bc62240,
0x0000025f4bc640a0, 0x0000025f4bc64ac0, 0x0000025f4bc654e0, 0x0000025f4bc62750,
0x0000025f4bc63170, 0x0000025f4bc659f0, 0x0000025f4bc63680, 0x0000025f4bc645b0,
0x0000025f4bc64fd0, 0x0000025f4ca94110, 0x0000025f4ca91890, 0x0000025f4ca978c0,
0x0000025f4ca96480, 0x0000025f4ca91380, 0x0000025f4ca91da0, 0x0000025f4ca936f0,
0x0000025f4ca97dd0, 0x0000025f4ca96990, 0x0000025f4ca94620, 0x0000025f4ca96ea0,
0x0000025f4ca95f70, 0x0000025f4ca98d00, 0x0000025f4ca973b0, 0x0000025f4ca982e0,
0x0000025f4ca987f0, 0x0000025f4e2b9210, 0x0000025f4ca95a60, 0x0000025f4ca927c0,
0x0000025f4ca95040, 0x0000025f4ca93c00, 0x0000025f4ca92cd0, 0x0000025f4ca931e0,
0x0000025f4ca95550, 0x0000025f4eba2970, 0x0000025f4eb9c430
}

Java Threads: ( => current thread )
  0x0000025f2b5cd860 JavaThread "main" [_thread_blocked, id=3376, stack(0x000000bf16d00000,0x000000bf16e00000)]
  0x0000025f45a49eb0 JavaThread "Reference Handler" daemon [_thread_blocked, id=5764, stack(0x000000bf17400000,0x000000bf17500000)]
  0x0000025f45a4cfe0 JavaThread "Finalizer" daemon [_thread_blocked, id=11540, stack(0x000000bf17500000,0x000000bf17600000)]
  0x0000025f45a71320 JavaThread "Signal Dispatcher" daemon [_thread_blocked, id=6904, stack(0x000000bf17600000,0x000000bf17700000)]
  0x0000025f45a71df0 JavaThread "Attach Listener" daemon [_thread_blocked, id=2964, stack(0x000000bf17700000,0x000000bf17800000)]
  0x0000025f45a746d0 JavaThread "Service Thread" daemon [_thread_blocked, id=4780, stack(0x000000bf17800000,0x000000bf17900000)]
  0x0000025f45a74fa0 JavaThread "Monitor Deflation Thread" daemon [_thread_blocked, id=4256, stack(0x000000bf17900000,0x000000bf17a00000)]
  0x0000025f45a84040 JavaThread "C2 CompilerThread0" daemon [_thread_in_native, id=6832, stack(0x000000bf17a00000,0x000000bf17b00000)]
  0x0000025f45a89e60 JavaThread "C1 CompilerThread0" daemon [_thread_in_native, id=13280, stack(0x000000bf17b00000,0x000000bf17c00000)]
  0x0000025f45a8a770 JavaThread "Sweeper thread" daemon [_thread_blocked, id=8744, stack(0x000000bf17c00000,0x000000bf17d00000)]
  0x0000025f45b85fd0 JavaThread "Common-Cleaner" daemon [_thread_blocked, id=2840, stack(0x000000bf17d00000,0x000000bf17e00000)]
  0x0000025f4a023a40 JavaThread "Notification Thread" daemon [_thread_blocked, id=6168, stack(0x000000bf17e00000,0x000000bf17f00000)]
  0x0000025f4a0395a0 JavaThread "C2 CompilerThread1" daemon [_thread_in_native, id=6280, stack(0x000000bf18000000,0x000000bf18100000)]
  0x0000025f4c7192a0 JavaThread "Daemon health stats" [_thread_blocked, id=7904, stack(0x000000bf18700000,0x000000bf18800000)]
  0x0000025f4b972ff0 JavaThread "Incoming local TCP Connector on port 52897" [_thread_in_native, id=8516, stack(0x000000bf18800000,0x000000bf18900000)]
  0x0000025f4b32edd0 JavaThread "Daemon periodic checks" [_thread_blocked, id=996, stack(0x000000bf18900000,0x000000bf18a00000)]
  0x0000025f4c36ba90 JavaThread "Daemon" [_thread_blocked, id=2224, stack(0x000000bf18a00000,0x000000bf18b00000)]
  0x0000025f4c361b80 JavaThread "Handler for socket connection from /127.0.0.1:52897 to /127.0.0.1:52898" [_thread_in_native, id=6536, stack(0x000000bf18b00000,0x000000bf18c00000)]
  0x0000025f4bc63b90 JavaThread "Cancel handler" [_thread_blocked, id=8828, stack(0x000000bf18c00000,0x000000bf18d00000)]
  0x0000025f4bc62240 JavaThread "Daemon worker" [_thread_in_vm, id=4832, stack(0x000000bf18d00000,0x000000bf18e00000)]
  0x0000025f4bc640a0 JavaThread "Asynchronous log dispatcher for DefaultDaemonConnection: socket connection from /127.0.0.1:52897 to /127.0.0.1:52898" [_thread_blocked, id=7460, stack(0x000000bf18e00000,0x000000bf18f00000)]
  0x0000025f4bc64ac0 JavaThread "Stdin handler" [_thread_blocked, id=5104, stack(0x000000bf18f00000,0x000000bf19000000)]
  0x0000025f4bc654e0 JavaThread "Daemon client event forwarder" [_thread_blocked, id=11380, stack(0x000000bf19000000,0x000000bf19100000)]
  0x0000025f4bc62750 JavaThread "Cache worker for journal cache (C:\Users\Mahrus\.gradle\caches\journal-1)" [_thread_blocked, id=12436, stack(0x000000bf19600000,0x000000bf19700000)]
  0x0000025f4bc63170 JavaThread "File lock request listener" [_thread_in_native, id=7704, stack(0x000000bf19700000,0x000000bf19800000)]
  0x0000025f4bc659f0 JavaThread "Cache worker for file hash cache (C:\Users\Mahrus\.gradle\caches\8.6\fileHashes)" [_thread_blocked, id=1684, stack(0x000000bf19800000,0x000000bf19900000)]
  0x0000025f4bc63680 JavaThread "File watcher server" daemon [_thread_in_native, id=5036, stack(0x000000bf19a00000,0x000000bf19b00000)]
  0x0000025f4bc645b0 JavaThread "File watcher consumer" daemon [_thread_blocked, id=12700, stack(0x000000bf19b00000,0x000000bf19c00000)]
  0x0000025f4bc64fd0 JavaThread "jar transforms" [_thread_blocked, id=1148, stack(0x000000bf19900000,0x000000bf19a00000)]
  0x0000025f4ca94110 JavaThread "jar transforms Thread 2" [_thread_blocked, id=10220, stack(0x000000bf19c00000,0x000000bf19d00000)]
  0x0000025f4ca91890 JavaThread "jar transforms Thread 3" [_thread_blocked, id=7448, stack(0x000000bf19d00000,0x000000bf19e00000)]
  0x0000025f4ca978c0 JavaThread "jar transforms Thread 4" [_thread_blocked, id=3588, stack(0x000000bf19e00000,0x000000bf19f00000)]
  0x0000025f4ca96480 JavaThread "jar transforms Thread 5" [_thread_blocked, id=924, stack(0x000000bf19f00000,0x000000bf1a000000)]
  0x0000025f4ca91380 JavaThread "jar transforms Thread 6" [_thread_blocked, id=13268, stack(0x000000bf1a000000,0x000000bf1a100000)]
  0x0000025f4ca91da0 JavaThread "jar transforms Thread 7" [_thread_blocked, id=6148, stack(0x000000bf1a100000,0x000000bf1a200000)]
  0x0000025f4ca936f0 JavaThread "jar transforms Thread 8" [_thread_blocked, id=13260, stack(0x000000bf1a200000,0x000000bf1a300000)]
  0x0000025f4ca97dd0 JavaThread "jar transforms Thread 9" [_thread_blocked, id=7284, stack(0x000000bf1a300000,0x000000bf1a400000)]
  0x0000025f4ca96990 JavaThread "jar transforms Thread 10" [_thread_blocked, id=1908, stack(0x000000bf1a400000,0x000000bf1a500000)]
  0x0000025f4ca94620 JavaThread "jar transforms Thread 11" [_thread_blocked, id=5576, stack(0x000000bf1a500000,0x000000bf1a600000)]
  0x0000025f4ca96ea0 JavaThread "jar transforms Thread 12" [_thread_blocked, id=9212, stack(0x000000bf1a600000,0x000000bf1a700000)]
  0x0000025f4ca95f70 JavaThread "Cache worker for checksums cache (C:\Users\Mahrus\AndroidStudioProjects\sikampus_app\.gradle\8.6\checksums)" [_thread_blocked, id=4456, stack(0x000000bf1a700000,0x000000bf1a800000)]
  0x0000025f4ca98d00 JavaThread "Cache worker for file hash cache (C:\Users\Mahrus\AndroidStudioProjects\sikampus_app\.gradle\8.6\fileHashes)" [_thread_blocked, id=7852, stack(0x000000bf1a800000,0x000000bf1a900000)]
  0x0000025f4ca973b0 JavaThread "Cache worker for cache directory md-supplier (C:\Users\Mahrus\.gradle\caches\8.6\md-supplier)" [_thread_blocked, id=3112, stack(0x000000bf1a900000,0x000000bf1aa00000)]
  0x0000025f4ca982e0 JavaThread "Cache worker for cache directory md-rule (C:\Users\Mahrus\.gradle\caches\8.6\md-rule)" [_thread_blocked, id=3640, stack(0x000000bf1aa00000,0x000000bf1ab00000)]
  0x0000025f4ca987f0 JavaThread "Cache worker for file content cache (C:\Users\Mahrus\.gradle\caches\8.6\fileContent)" [_thread_blocked, id=7412, stack(0x000000bf1ab00000,0x000000bf1ac00000)]
  0x0000025f4e2b9210 JavaThread "C2 CompilerThread2" daemon [_thread_in_native, id=13284, stack(0x000000bf1ac00000,0x000000bf1ad00000)]
  0x0000025f4ca95a60 JavaThread "Unconstrained build operations" [_thread_blocked, id=5752, stack(0x000000bf1ad00000,0x000000bf1ae00000)]
  0x0000025f4ca927c0 JavaThread "Unconstrained build operations Thread 2" [_thread_blocked, id=7036, stack(0x000000bf1ae00000,0x000000bf1af00000)]
  0x0000025f4ca95040 JavaThread "Unconstrained build operations Thread 3" [_thread_blocked, id=9852, stack(0x000000bf1af00000,0x000000bf1b000000)]
  0x0000025f4ca93c00 JavaThread "Unconstrained build operations Thread 4" [_thread_blocked, id=11196, stack(0x000000bf1b000000,0x000000bf1b100000)]
  0x0000025f4ca92cd0 JavaThread "Unconstrained build operations Thread 5" [_thread_blocked, id=7160, stack(0x000000bf1b100000,0x000000bf1b200000)]
  0x0000025f4ca931e0 JavaThread "Unconstrained build operations Thread 6" [_thread_blocked, id=3032, stack(0x000000bf1b200000,0x000000bf1b300000)]
  0x0000025f4ca95550 JavaThread "Unconstrained build operations Thread 7" [_thread_blocked, id=2312, stack(0x000000bf1b300000,0x000000bf1b400000)]
  0x0000025f4eba2970 JavaThread "Unconstrained build operations Thread 8" [_thread_blocked, id=8924, stack(0x000000bf1b400000,0x000000bf1b500000)]
  0x0000025f4eb9c430 JavaThread "Unconstrained build operations Thread 9" [_thread_blocked, id=8340, stack(0x000000bf1b500000,0x000000bf1b600000)]

Other Threads:
  0x0000025f45a26ac0 VMThread "VM Thread" [stack: 0x000000bf17300000,0x000000bf17400000] [id=11224]
  0x0000025f45d64010 WatcherThread [stack: 0x000000bf17f00000,0x000000bf18000000] [id=12008]
  0x0000025f2b62dca0 GCTaskThread "GC Thread#0" [stack: 0x000000bf16e00000,0x000000bf16f00000] [id=2516]
  0x0000025f4acb1360 GCTaskThread "GC Thread#1" [stack: 0x000000bf18200000,0x000000bf18300000] [id=8816]
  0x0000025f4acb23e0 GCTaskThread "GC Thread#2" [stack: 0x000000bf18300000,0x000000bf18400000] [id=3624]
  0x0000025f4acb1e60 GCTaskThread "GC Thread#3" [stack: 0x000000bf18400000,0x000000bf18500000] [id=3512]
  0x0000025f4acb2120 GCTaskThread "GC Thread#4" [stack: 0x000000bf18500000,0x000000bf18600000] [id=6088]
  0x0000025f4acb1620 GCTaskThread "GC Thread#5" [stack: 0x000000bf18600000,0x000000bf18700000] [id=1080]
  0x0000025f4acb2960 GCTaskThread "GC Thread#6" [stack: 0x000000bf18100000,0x000000bf18200000] [id=6372]
  0x0000025f4acb1ba0 GCTaskThread "GC Thread#7" [stack: 0x000000bf19100000,0x000000bf19200000] [id=4372]
  0x0000025f4acb2c20 GCTaskThread "GC Thread#8" [stack: 0x000000bf19200000,0x000000bf19300000] [id=7396]
  0x0000025f4acb10a0 GCTaskThread "GC Thread#9" [stack: 0x000000bf19300000,0x000000bf19400000] [id=4580]
  0x0000025f2b63eb00 ConcurrentGCThread "G1 Main Marker" [stack: 0x000000bf16f00000,0x000000bf17000000] [id=11628]
  0x0000025f2b6401e0 ConcurrentGCThread "G1 Conc#0" [stack: 0x000000bf17000000,0x000000bf17100000] [id=7068]
=>0x0000025f4b8f48f0 ConcurrentGCThread "G1 Conc#1" [stack: 0x000000bf19400000,0x000000bf19500000] [id=792]
  0x0000025f4b8f7ff0 ConcurrentGCThread "G1 Conc#2" [stack: 0x000000bf19500000,0x000000bf19600000] [id=12116]
  0x0000025f2b68dc10 ConcurrentGCThread "G1 Refine#0" [stack: 0x000000bf17100000,0x000000bf17200000] [id=7488]
  0x0000025f45759c10 ConcurrentGCThread "G1 Service" [stack: 0x000000bf17200000,0x000000bf17300000] [id=12592]

Threads with active compile tasks:
C2 CompilerThread0     4222 4273       4       groovy.lang.MetaClassImpl$1MOPIter::methodNameAction (325 bytes)
C2 CompilerThread1     4222 4300       4       java.util.Arrays::binarySearch (10 bytes)
C2 CompilerThread2     4222 4187   !   4       java.net.URLClassLoader$1::run (81 bytes)

VM state: not at safepoint (normal execution)

VM Mutex/Monitor currently owned by a thread: None

Heap address: 0x0000000080000000, size: 2048 MB, Compressed Oops mode: 32-bit

CDS archive(s) not mapped
Compressed class space mapped at: 0x0000000100000000-0x0000000140000000, reserved size: 1073741824
Narrow klass base: 0x0000000000000000, Narrow klass shift: 3, Narrow klass range: 0x140000000

GC Precious Log:
 CPUs: 12 total, 12 available
 Memory: 16335M
 Large Page Support: Disabled
 NUMA Support: Disabled
 Compressed Oops: Enabled (32-bit)
 Heap Region Size: 1M
 Heap Min Capacity: 8M
 Heap Initial Capacity: 256M
 Heap Max Capacity: 2G
 Pre-touch: Disabled
 Parallel Workers: 10
 Concurrent Workers: 3
 Concurrent Refinement Workers: 10
 Periodic GC: Disabled

Heap:
 garbage-first heap   total 109568K, used 59386K [0x0000000080000000, 0x0000000100000000)
  region size 1024K, 7 young (7168K), 4 survivors (4096K)
 Metaspace       used 49728K, committed 50304K, reserved 1114112K
  class space    used 6735K, committed 6976K, reserved 1048576K

Heap Regions: E=young(eden), S=young(survivor), O=old, HS=humongous(starts), HC=humongous(continues), CS=collection set, F=free, OA=open archive, CA=closed archive, TAMS=top-at-mark-start (previous, next)
|   0|0x0000000080000000, 0x0000000080100000, 0x0000000080100000|100%|HS|  |TAMS 0x0000000080100000, 0x0000000080100000| Complete 
|   1|0x0000000080100000, 0x0000000080200000, 0x0000000080200000|100%|HC|  |TAMS 0x0000000080200000, 0x0000000080200000| Complete 
|   2|0x0000000080200000, 0x0000000080300000, 0x0000000080300000|100%|HC|  |TAMS 0x0000000080300000, 0x0000000080300000| Complete 
|   3|0x0000000080300000, 0x0000000080400000, 0x0000000080400000|100%|HC|  |TAMS 0x0000000080400000, 0x0000000080400000| Complete 
|   4|0x0000000080400000, 0x0000000080500000, 0x0000000080500000|100%| O|  |TAMS 0x0000000080500000, 0x0000000080500000| Untracked 
|   5|0x0000000080500000, 0x0000000080600000, 0x0000000080600000|100%| O|  |TAMS 0x0000000080600000, 0x0000000080600000| Untracked 
|   6|0x0000000080600000, 0x0000000080700000, 0x0000000080700000|100%| O|  |TAMS 0x0000000080700000, 0x0000000080700000| Untracked 
|   7|0x0000000080700000, 0x0000000080800000, 0x0000000080800000|100%| O|  |TAMS 0x0000000080800000, 0x0000000080800000| Untracked 
|   8|0x0000000080800000, 0x0000000080900000, 0x0000000080900000|100%| O|  |TAMS 0x0000000080900000, 0x0000000080900000| Untracked 
|   9|0x0000000080900000, 0x0000000080a00000, 0x0000000080a00000|100%| O|  |TAMS 0x0000000080a00000, 0x0000000080a00000| Untracked 
|  10|0x0000000080a00000, 0x0000000080aedc00, 0x0000000080b00000| 92%| O|  |TAMS 0x0000000080aedc00, 0x0000000080aedc00| Untracked 
|  11|0x0000000080b00000, 0x0000000080c00000, 0x0000000080c00000|100%| O|  |TAMS 0x0000000080c00000, 0x0000000080c00000| Untracked 
|  12|0x0000000080c00000, 0x0000000080d00000, 0x0000000080d00000|100%| O|  |TAMS 0x0000000080d00000, 0x0000000080d00000| Untracked 
|  13|0x0000000080d00000, 0x0000000080e00000, 0x0000000080e00000|100%| O|  |TAMS 0x0000000080e00000, 0x0000000080e00000| Untracked 
|  14|0x0000000080e00000, 0x0000000080f00000, 0x0000000080f00000|100%| O|  |TAMS 0x0000000080f00000, 0x0000000080f00000| Untracked 
|  15|0x0000000080f00000, 0x0000000081000000, 0x0000000081000000|100%| O|  |TAMS 0x0000000081000000, 0x0000000081000000| Untracked 
|  16|0x0000000081000000, 0x0000000081100000, 0x0000000081100000|100%| O|  |TAMS 0x0000000081100000, 0x0000000081100000| Untracked 
|  17|0x0000000081100000, 0x0000000081200000, 0x0000000081200000|100%| O|  |TAMS 0x0000000081200000, 0x0000000081200000| Untracked 
|  18|0x0000000081200000, 0x0000000081300000, 0x0000000081300000|100%| O|  |TAMS 0x0000000081300000, 0x0000000081300000| Untracked 
|  19|0x0000000081300000, 0x0000000081400000, 0x0000000081400000|100%| O|  |TAMS 0x0000000081400000, 0x0000000081400000| Untracked 
|  20|0x0000000081400000, 0x0000000081500000, 0x0000000081500000|100%|HS|  |TAMS 0x0000000081500000, 0x0000000081500000| Complete 
|  21|0x0000000081500000, 0x0000000081600000, 0x0000000081600000|100%|HC|  |TAMS 0x0000000081600000, 0x0000000081600000| Complete 
|  22|0x0000000081600000, 0x0000000081700000, 0x0000000081700000|100%|HS|  |TAMS 0x0000000081700000, 0x0000000081700000| Complete 
|  23|0x0000000081700000, 0x0000000081800000, 0x0000000081800000|100%|HC|  |TAMS 0x0000000081800000, 0x0000000081800000| Complete 
|  24|0x0000000081800000, 0x0000000081900000, 0x0000000081900000|100%|HC|  |TAMS 0x0000000081900000, 0x0000000081900000| Complete 
|  25|0x0000000081900000, 0x0000000081a00000, 0x0000000081a00000|100%|HS|  |TAMS 0x0000000081a00000, 0x0000000081a00000| Complete 
|  26|0x0000000081a00000, 0x0000000081b00000, 0x0000000081b00000|100%|HC|  |TAMS 0x0000000081b00000, 0x0000000081b00000| Complete 
|  27|0x0000000081b00000, 0x0000000081c00000, 0x0000000081c00000|100%|HC|  |TAMS 0x0000000081c00000, 0x0000000081c00000| Complete 
|  28|0x0000000081c00000, 0x0000000081d00000, 0x0000000081d00000|100%|HS|  |TAMS 0x0000000081d00000, 0x0000000081d00000| Complete 
|  29|0x0000000081d00000, 0x0000000081e00000, 0x0000000081e00000|100%|HC|  |TAMS 0x0000000081e00000, 0x0000000081e00000| Complete 
|  30|0x0000000081e00000, 0x0000000081f00000, 0x0000000081f00000|100%|HC|  |TAMS 0x0000000081f00000, 0x0000000081f00000| Complete 
|  31|0x0000000081f00000, 0x0000000082000000, 0x0000000082000000|100%| O|  |TAMS 0x0000000082000000, 0x0000000082000000| Untracked 
|  32|0x0000000082000000, 0x0000000082100000, 0x0000000082100000|100%| O|  |TAMS 0x0000000082100000, 0x0000000082100000| Untracked 
|  33|0x0000000082100000, 0x0000000082200000, 0x0000000082200000|100%| O|  |TAMS 0x0000000082200000, 0x0000000082200000| Untracked 
|  34|0x0000000082200000, 0x0000000082300000, 0x0000000082300000|100%| O|  |TAMS 0x0000000082300000, 0x0000000082300000| Untracked 
|  35|0x0000000082300000, 0x0000000082400000, 0x0000000082400000|100%| O|  |TAMS 0x0000000082400000, 0x0000000082400000| Untracked 
|  36|0x0000000082400000, 0x0000000082500000, 0x0000000082500000|100%| O|  |TAMS 0x0000000082500000, 0x0000000082500000| Untracked 
|  37|0x0000000082500000, 0x0000000082600000, 0x0000000082600000|100%| O|  |TAMS 0x0000000082600000, 0x0000000082600000| Untracked 
|  38|0x0000000082600000, 0x0000000082700000, 0x0000000082700000|100%| O|  |TAMS 0x0000000082700000, 0x0000000082700000| Untracked 
|  39|0x0000000082700000, 0x0000000082800000, 0x0000000082800000|100%| O|  |TAMS 0x0000000082800000, 0x0000000082800000| Untracked 
|  40|0x0000000082800000, 0x0000000082900000, 0x0000000082900000|100%| O|  |TAMS 0x0000000082900000, 0x0000000082900000| Untracked 
|  41|0x0000000082900000, 0x0000000082a00000, 0x0000000082a00000|100%| O|  |TAMS 0x0000000082a00000, 0x0000000082a00000| Untracked 
|  42|0x0000000082a00000, 0x0000000082b00000, 0x0000000082b00000|100%| O|  |TAMS 0x0000000082b00000, 0x0000000082b00000| Untracked 
|  43|0x0000000082b00000, 0x0000000082c00000, 0x0000000082c00000|100%| O|  |TAMS 0x0000000082c00000, 0x0000000082c00000| Untracked 
|  44|0x0000000082c00000, 0x0000000082d00000, 0x0000000082d00000|100%| O|  |TAMS 0x0000000082c00000, 0x0000000082c4ca00| Untracked 
|  45|0x0000000082d00000, 0x0000000082e00000, 0x0000000082e00000|100%|HS|  |TAMS 0x0000000082d00000, 0x0000000082e00000| Complete 
|  46|0x0000000082e00000, 0x0000000082f00000, 0x0000000082f00000|100%|HC|  |TAMS 0x0000000082e00000, 0x0000000082f00000| Complete 
|  47|0x0000000082f00000, 0x0000000083000000, 0x0000000083000000|100%|HC|  |TAMS 0x0000000082f00000, 0x0000000083000000| Complete 
|  48|0x0000000083000000, 0x00000000830c0200, 0x0000000083100000| 75%| O|  |TAMS 0x0000000083000000, 0x0000000083000000| Untracked 
|  49|0x0000000083100000, 0x0000000083200000, 0x0000000083200000|100%| O|  |TAMS 0x0000000083194200, 0x0000000083200000| Untracked 
|  50|0x0000000083200000, 0x0000000083300000, 0x0000000083300000|100%|HS|  |TAMS 0x0000000083200000, 0x0000000083200000| Complete 
|  51|0x0000000083300000, 0x0000000083400000, 0x0000000083400000|100%|HC|  |TAMS 0x0000000083300000, 0x0000000083300000| Complete 
|  52|0x0000000083400000, 0x0000000083500000, 0x0000000083500000|100%|HC|  |TAMS 0x0000000083400000, 0x0000000083400000| Complete 
|  53|0x0000000083500000, 0x0000000083500000, 0x0000000083600000|  0%| F|  |TAMS 0x0000000083500000, 0x0000000083500000| Untracked 
|  54|0x0000000083600000, 0x0000000083600000, 0x0000000083700000|  0%| F|  |TAMS 0x0000000083600000, 0x0000000083600000| Untracked 
|  55|0x0000000083700000, 0x0000000083700000, 0x0000000083800000|  0%| F|  |TAMS 0x0000000083700000, 0x0000000083700000| Untracked 
|  56|0x0000000083800000, 0x0000000083800000, 0x0000000083900000|  0%| F|  |TAMS 0x0000000083800000, 0x0000000083800000| Untracked 
|  57|0x0000000083900000, 0x0000000083900000, 0x0000000083a00000|  0%| F|  |TAMS 0x0000000083900000, 0x0000000083900000| Untracked 
|  58|0x0000000083a00000, 0x0000000083a00000, 0x0000000083b00000|  0%| F|  |TAMS 0x0000000083a00000, 0x0000000083a00000| Untracked 
|  59|0x0000000083b00000, 0x0000000083b00000, 0x0000000083c00000|  0%| F|  |TAMS 0x0000000083b00000, 0x0000000083b00000| Untracked 
|  60|0x0000000083c00000, 0x0000000083c00000, 0x0000000083d00000|  0%| F|  |TAMS 0x0000000083c00000, 0x0000000083c00000| Untracked 
|  61|0x0000000083d00000, 0x0000000083d00000, 0x0000000083e00000|  0%| F|  |TAMS 0x0000000083d00000, 0x0000000083d00000| Untracked 
|  62|0x0000000083e00000, 0x0000000083e00000, 0x0000000083f00000|  0%| F|  |TAMS 0x0000000083e00000, 0x0000000083e00000| Untracked 
|  63|0x0000000083f00000, 0x0000000083f00000, 0x0000000084000000|  0%| F|  |TAMS 0x0000000083f00000, 0x0000000083f00000| Untracked 
|  64|0x0000000084000000, 0x0000000084000000, 0x0000000084100000|  0%| F|  |TAMS 0x0000000084000000, 0x0000000084000000| Untracked 
|  65|0x0000000084100000, 0x0000000084100000, 0x0000000084200000|  0%| F|  |TAMS 0x0000000084100000, 0x0000000084100000| Untracked 
|  66|0x0000000084200000, 0x0000000084200000, 0x0000000084300000|  0%| F|  |TAMS 0x0000000084200000, 0x0000000084200000| Untracked 
|  67|0x0000000084300000, 0x0000000084300000, 0x0000000084400000|  0%| F|  |TAMS 0x0000000084300000, 0x0000000084300000| Untracked 
|  68|0x0000000084400000, 0x0000000084400000, 0x0000000084500000|  0%| F|  |TAMS 0x0000000084400000, 0x0000000084400000| Untracked 
|  69|0x0000000084500000, 0x0000000084500000, 0x0000000084600000|  0%| F|  |TAMS 0x0000000084500000, 0x0000000084500000| Untracked 
|  70|0x0000000084600000, 0x0000000084600000, 0x0000000084700000|  0%| F|  |TAMS 0x0000000084600000, 0x0000000084600000| Untracked 
|  71|0x0000000084700000, 0x0000000084700000, 0x0000000084800000|  0%| F|  |TAMS 0x0000000084700000, 0x0000000084700000| Untracked 
|  72|0x0000000084800000, 0x0000000084800000, 0x0000000084900000|  0%| F|  |TAMS 0x0000000084800000, 0x0000000084800000| Untracked 
|  73|0x0000000084900000, 0x0000000084900000, 0x0000000084a00000|  0%| F|  |TAMS 0x0000000084900000, 0x0000000084900000| Untracked 
|  74|0x0000000084a00000, 0x0000000084a00000, 0x0000000084b00000|  0%| F|  |TAMS 0x0000000084a00000, 0x0000000084a00000| Untracked 
|  75|0x0000000084b00000, 0x0000000084b00000, 0x0000000084c00000|  0%| F|  |TAMS 0x0000000084b00000, 0x0000000084b00000| Untracked 
|  76|0x0000000084c00000, 0x0000000084c00000, 0x0000000084d00000|  0%| F|  |TAMS 0x0000000084c00000, 0x0000000084c00000| Untracked 
|  77|0x0000000084d00000, 0x0000000084d00000, 0x0000000084e00000|  0%| F|  |TAMS 0x0000000084d00000, 0x0000000084d00000| Untracked 
|  78|0x0000000084e00000, 0x0000000084e00000, 0x0000000084f00000|  0%| F|  |TAMS 0x0000000084e00000, 0x0000000084e00000| Untracked 
|  79|0x0000000084f00000, 0x0000000084f00000, 0x0000000085000000|  0%| F|  |TAMS 0x0000000084f00000, 0x0000000084f00000| Untracked 
|  80|0x0000000085000000, 0x0000000085000000, 0x0000000085100000|  0%| F|  |TAMS 0x0000000085000000, 0x0000000085000000| Untracked 
|  81|0x0000000085100000, 0x0000000085100000, 0x0000000085200000|  0%| F|  |TAMS 0x0000000085100000, 0x0000000085100000| Untracked 
|  82|0x0000000085200000, 0x0000000085200000, 0x0000000085300000|  0%| F|  |TAMS 0x0000000085200000, 0x0000000085200000| Untracked 
|  83|0x0000000085300000, 0x0000000085300000, 0x0000000085400000|  0%| F|  |TAMS 0x0000000085300000, 0x0000000085300000| Untracked 
|  84|0x0000000085400000, 0x0000000085400000, 0x0000000085500000|  0%| F|  |TAMS 0x0000000085400000, 0x0000000085400000| Untracked 
|  85|0x0000000085500000, 0x0000000085500000, 0x0000000085600000|  0%| F|  |TAMS 0x0000000085500000, 0x0000000085500000| Untracked 
|  86|0x0000000085600000, 0x0000000085600000, 0x0000000085700000|  0%| F|  |TAMS 0x0000000085600000, 0x0000000085600000| Untracked 
|  87|0x0000000085700000, 0x0000000085700000, 0x0000000085800000|  0%| F|  |TAMS 0x0000000085700000, 0x0000000085700000| Untracked 
|  88|0x0000000085800000, 0x0000000085800000, 0x0000000085900000|  0%| F|  |TAMS 0x0000000085800000, 0x0000000085800000| Untracked 
|  89|0x0000000085900000, 0x0000000085900000, 0x0000000085a00000|  0%| F|  |TAMS 0x0000000085900000, 0x0000000085900000| Untracked 
|  90|0x0000000085a00000, 0x0000000085a00000, 0x0000000085b00000|  0%| F|  |TAMS 0x0000000085a00000, 0x0000000085a00000| Untracked 
|  91|0x0000000085b00000, 0x0000000085b00000, 0x0000000085c00000|  0%| F|  |TAMS 0x0000000085b00000, 0x0000000085b00000| Untracked 
|  92|0x0000000085c00000, 0x0000000085c00000, 0x0000000085d00000|  0%| F|  |TAMS 0x0000000085c00000, 0x0000000085c00000| Untracked 
|  93|0x0000000085d00000, 0x0000000085d00000, 0x0000000085e00000|  0%| F|  |TAMS 0x0000000085d00000, 0x0000000085d00000| Untracked 
|  94|0x0000000085e00000, 0x0000000085e00000, 0x0000000085f00000|  0%| F|  |TAMS 0x0000000085e00000, 0x0000000085e00000| Untracked 
|  95|0x0000000085f00000, 0x0000000085f00000, 0x0000000086000000|  0%| F|  |TAMS 0x0000000085f00000, 0x0000000085f00000| Untracked 
|  96|0x0000000086000000, 0x0000000086000000, 0x0000000086100000|  0%| F|  |TAMS 0x0000000086000000, 0x0000000086000000| Untracked 
| 197|0x000000008c500000, 0x000000008c500000, 0x000000008c600000|  0%| F|  |TAMS 0x000000008c500000, 0x000000008c500000| Untracked 
| 198|0x000000008c600000, 0x000000008c600000, 0x000000008c700000|  0%| F|  |TAMS 0x000000008c600000, 0x000000008c600000| Untracked 
| 199|0x000000008c700000, 0x000000008c776140, 0x000000008c800000| 46%| E|  |TAMS 0x000000008c700000, 0x000000008c700000| Complete 
| 200|0x000000008c800000, 0x000000008c900000, 0x000000008c900000|100%| E|CS|TAMS 0x000000008c800000, 0x000000008c800000| Complete 
| 201|0x000000008c900000, 0x000000008c950be0, 0x000000008ca00000| 31%| S|CS|TAMS 0x000000008c900000, 0x000000008c900000| Complete 
| 202|0x000000008ca00000, 0x000000008cb00000, 0x000000008cb00000|100%| S|CS|TAMS 0x000000008ca00000, 0x000000008ca00000| Complete 
| 203|0x000000008cb00000, 0x000000008cc00000, 0x000000008cc00000|100%| S|CS|TAMS 0x000000008cb00000, 0x000000008cb00000| Complete 
| 204|0x000000008cc00000, 0x000000008cd00000, 0x000000008cd00000|100%| S|CS|TAMS 0x000000008cc00000, 0x000000008cc00000| Complete 
| 205|0x000000008cd00000, 0x000000008ce00000, 0x000000008ce00000|100%| E|CS|TAMS 0x000000008cd00000, 0x000000008cd00000| Complete 
| 255|0x000000008ff00000, 0x0000000090000000, 0x0000000090000000|100%| E|CS|TAMS 0x000000008ff00000, 0x000000008ff00000| Complete 

Card table byte_map: [0x0000025f3e410000,0x0000025f3e810000] _byte_map_base: 0x0000025f3e010000

Marking Bits (Prev, Next): (CMBitMap*) 0x0000025f2b62e1d0, (CMBitMap*) 0x0000025f2b62e210
 Prev Bits: [0x0000025f3ec10000, 0x0000025f40c10000)
 Next Bits: [0x0000025f40c10000, 0x0000025f42c10000)

Polling page: 0x0000025f2ad90000

Metaspace:

Usage:
  Non-class:     42.00 MB used.
      Class:      6.58 MB used.
       Both:     48.58 MB used.

Virtual space:
  Non-class space:       64.00 MB reserved,      42.31 MB ( 66%) committed,  1 nodes.
      Class space:        1.00 GB reserved,       6.81 MB ( <1%) committed,  1 nodes.
             Both:        1.06 GB reserved,      49.12 MB (  5%) committed. 

Chunk freelists:
   Non-Class:  5.24 MB
       Class:  9.17 MB
        Both:  14.41 MB

MaxMetaspaceSize: unlimited
CompressedClassSpaceSize: 1.00 GB
Initial GC threshold: 21.00 MB
Current GC threshold: 81.50 MB
CDS: off
MetaspaceReclaimPolicy: balanced
 - commit_granule_bytes: 65536.
 - commit_granule_words: 8192.
 - virtual_space_node_default_size: 8388608.
 - enlarge_chunks_in_place: 1.
 - new_chunks_are_fully_committed: 0.
 - uncommit_free_chunks: 1.
 - use_allocation_guard: 0.
 - handle_deallocations: 1.


Internal statistics:

num_allocs_failed_limit: 3.
num_arena_births: 494.
num_arena_deaths: 0.
num_vsnodes_births: 2.
num_vsnodes_deaths: 0.
num_space_committed: 786.
num_space_uncommitted: 0.
num_chunks_returned_to_freelist: 3.
num_chunks_taken_from_freelist: 2103.
num_chunk_merges: 0.
num_chunk_splits: 1350.
num_chunks_enlarged: 897.
num_inconsistent_stats: 0.

CodeHeap 'non-profiled nmethods': size=120000Kb used=2753Kb max_used=2753Kb free=117246Kb
 bounds [0x0000025f36580000, 0x0000025f36840000, 0x0000025f3dab0000]
CodeHeap 'profiled nmethods': size=120000Kb used=9317Kb max_used=9317Kb free=110682Kb
 bounds [0x0000025f2eab0000, 0x0000025f2f3d0000, 0x0000025f35fe0000]
CodeHeap 'non-nmethods': size=5760Kb used=2343Kb max_used=2362Kb free=3416Kb
 bounds [0x0000025f35fe0000, 0x0000025f36250000, 0x0000025f36580000]
 total_blobs=5279 nmethods=4467 adapters=721
 compilation: enabled
              stopped_count=0, restarted_count=0
 full_count=0

Compilation events (20 events):
Event: 4.157 Thread 0x0000025f45a89e60 4434       3       org.gradle.internal.instantiation.generator.AbstractClassGenerator$PropertyMetadata::addGetter (129 bytes)
Event: 4.158 Thread 0x0000025f45a89e60 nmethod 4434 0x0000025f2f3a3790 code [0x0000025f2f3a3a60, 0x0000025f2f3a4be8]
Event: 4.158 Thread 0x0000025f45a89e60 4442       2       org.codehaus.groovy.util.ManagedReference::get (10 bytes)
Event: 4.158 Thread 0x0000025f45a89e60 nmethod 4442 0x0000025f2f3a5010 code [0x0000025f2f3a51a0, 0x0000025f2f3a52c8]
Event: 4.158 Thread 0x0000025f45a89e60 4435       3       org.gradle.internal.instantiation.generator.AbstractClassGenerator$DslMixInPropertyType::visitProperty (33 bytes)
Event: 4.159 Thread 0x0000025f45a89e60 nmethod 4435 0x0000025f2f3a5390 code [0x0000025f2f3a55e0, 0x0000025f2f3a5f88]
Event: 4.159 Thread 0x0000025f45a89e60 4436       3       org.gradle.internal.instantiation.generator.AbstractClassGenerator$LazyGroovySupportTypePropertyHandler::visitProperty (43 bytes)
Event: 4.159 Thread 0x0000025f45a89e60 nmethod 4436 0x0000025f2f3a6290 code [0x0000025f2f3a6540, 0x0000025f2f3a7368]
Event: 4.159 Thread 0x0000025f45a89e60 4437       3       org.gradle.internal.instantiation.generator.AbstractClassGenerator$NamePropertyHandler::visitProperty (13 bytes)
Event: 4.159 Thread 0x0000025f45a89e60 nmethod 4437 0x0000025f2f3a7810 code [0x0000025f2f3a79c0, 0x0000025f2f3a7be8]
Event: 4.159 Thread 0x0000025f45a89e60 4438       3       org.gradle.internal.instantiation.generator.AbstractClassGenerator$ManagedPropertiesHandler::visitProperty (37 bytes)
Event: 4.160 Thread 0x0000025f45a89e60 nmethod 4438 0x0000025f2f3a7d10 code [0x0000025f2f3a7f60, 0x0000025f2f3a86b8]
Event: 4.160 Thread 0x0000025f45a89e60 4439       3       org.gradle.internal.instantiation.generator.AbstractClassGenerator::access$1800 (5 bytes)
Event: 4.160 Thread 0x0000025f45a89e60 nmethod 4439 0x0000025f2f3a8990 code [0x0000025f2f3a8ba0, 0x0000025f2f3a91a8]
Event: 4.160 Thread 0x0000025f45a89e60 4440       1       com.google.common.collect.LinkedHashMultimap$ValueEntry::setPredecessorInValueSet (6 bytes)
Event: 4.160 Thread 0x0000025f45a89e60 nmethod 4440 0x0000025f36829310 code [0x0000025f368294a0, 0x0000025f368295b8]
Event: 4.160 Thread 0x0000025f45a89e60 4441       1       com.google.common.collect.LinkedHashMultimap$ValueSet::setPredecessorInValueSet (6 bytes)
Event: 4.160 Thread 0x0000025f45a89e60 nmethod 4441 0x0000025f36829610 code [0x0000025f368297a0, 0x0000025f368298b8]
Event: 4.176 Thread 0x0000025f4a0395a0 nmethod 4277 0x0000025f36829910 code [0x0000025f36829c60, 0x0000025f3682d3a8]
Event: 4.176 Thread 0x0000025f4a0395a0 4271       4       org.codehaus.groovy.runtime.metaclass.MetaMethodIndex::getOrPutMethods (184 bytes)

GC Heap History (20 events):
Event: 2.811 GC heap before
{Heap before GC invocations=6 (full 0):
 garbage-first heap   total 71680K, used 59948K [0x0000000080000000, 0x0000000100000000)
  region size 1024K, 31 young (31744K), 4 survivors (4096K)
 Metaspace       used 33227K, committed 33536K, reserved 1114112K
  class space    used 4521K, committed 4672K, reserved 1048576K
}
Event: 2.813 GC heap after
{Heap after GC invocations=7 (full 0):
 garbage-first heap   total 71680K, used 39608K [0x0000000080000000, 0x0000000100000000)
  region size 1024K, 4 young (4096K), 4 survivors (4096K)
 Metaspace       used 33227K, committed 33536K, reserved 1114112K
  class space    used 4521K, committed 4672K, reserved 1048576K
}
Event: 2.976 GC heap before
{Heap before GC invocations=7 (full 0):
 garbage-first heap   total 71680K, used 55992K [0x0000000080000000, 0x0000000100000000)
  region size 1024K, 20 young (20480K), 4 survivors (4096K)
 Metaspace       used 35228K, committed 35520K, reserved 1114112K
  class space    used 4859K, committed 4992K, reserved 1048576K
}
Event: 2.978 GC heap after
{Heap after GC invocations=8 (full 0):
 garbage-first heap   total 71680K, used 40847K [0x0000000080000000, 0x0000000100000000)
  region size 1024K, 1 young (1024K), 1 survivors (1024K)
 Metaspace       used 35228K, committed 35520K, reserved 1114112K
  class space    used 4859K, committed 4992K, reserved 1048576K
}
Event: 3.172 GC heap before
{Heap before GC invocations=9 (full 0):
 garbage-first heap   total 71680K, used 56207K [0x0000000080000000, 0x0000000100000000)
  region size 1024K, 17 young (17408K), 1 survivors (1024K)
 Metaspace       used 37735K, committed 38144K, reserved 1114112K
  class space    used 5256K, committed 5440K, reserved 1048576K
}
Event: 3.173 GC heap after
{Heap after GC invocations=10 (full 0):
 garbage-first heap   total 71680K, used 41470K [0x0000000080000000, 0x0000000100000000)
  region size 1024K, 2 young (2048K), 2 survivors (2048K)
 Metaspace       used 37735K, committed 38144K, reserved 1114112K
  class space    used 5256K, committed 5440K, reserved 1048576K
}
Event: 3.361 GC heap before
{Heap before GC invocations=10 (full 0):
 garbage-first heap   total 71680K, used 55806K [0x0000000080000000, 0x0000000100000000)
  region size 1024K, 17 young (17408K), 2 survivors (2048K)
 Metaspace       used 41616K, committed 41984K, reserved 1114112K
  class space    used 5665K, committed 5824K, reserved 1048576K
}
Event: 3.363 GC heap after
{Heap after GC invocations=11 (full 0):
 garbage-first heap   total 71680K, used 43254K [0x0000000080000000, 0x0000000100000000)
  region size 1024K, 3 young (3072K), 3 survivors (3072K)
 Metaspace       used 41616K, committed 41984K, reserved 1114112K
  class space    used 5665K, committed 5824K, reserved 1048576K
}
Event: 3.519 GC heap before
{Heap before GC invocations=12 (full 0):
 garbage-first heap   total 75776K, used 56566K [0x0000000080000000, 0x0000000100000000)
  region size 1024K, 17 young (17408K), 3 survivors (3072K)
 Metaspace       used 43623K, committed 44032K, reserved 1114112K
  class space    used 5891K, committed 6080K, reserved 1048576K
}
Event: 3.521 GC heap after
{Heap after GC invocations=13 (full 0):
 garbage-first heap   total 75776K, used 45059K [0x0000000080000000, 0x0000000100000000)
  region size 1024K, 2 young (2048K), 2 survivors (2048K)
 Metaspace       used 43623K, committed 44032K, reserved 1114112K
  class space    used 5891K, committed 6080K, reserved 1048576K
}
Event: 3.572 GC heap before
{Heap before GC invocations=13 (full 0):
 garbage-first heap   total 75776K, used 60419K [0x0000000080000000, 0x0000000100000000)
  region size 1024K, 17 young (17408K), 2 survivors (2048K)
 Metaspace       used 43706K, committed 44096K, reserved 1114112K
  class space    used 5895K, committed 6080K, reserved 1048576K
}
Event: 3.573 GC heap after
{Heap after GC invocations=14 (full 0):
 garbage-first heap   total 75776K, used 45534K [0x0000000080000000, 0x0000000100000000)
  region size 1024K, 3 young (3072K), 3 survivors (3072K)
 Metaspace       used 43706K, committed 44096K, reserved 1114112K
  class space    used 5895K, committed 6080K, reserved 1048576K
}
Event: 3.630 GC heap before
{Heap before GC invocations=15 (full 0):
 garbage-first heap   total 80896K, used 49630K [0x0000000080000000, 0x0000000100000000)
  region size 1024K, 9 young (9216K), 3 survivors (3072K)
 Metaspace       used 44133K, committed 44544K, reserved 1114112K
  class space    used 5941K, committed 6144K, reserved 1048576K
}
Event: 3.632 GC heap after
{Heap after GC invocations=16 (full 0):
 garbage-first heap   total 80896K, used 46851K [0x0000000080000000, 0x0000000100000000)
  region size 1024K, 3 young (3072K), 3 survivors (3072K)
 Metaspace       used 44133K, committed 44544K, reserved 1114112K
  class space    used 5941K, committed 6144K, reserved 1048576K
}
Event: 3.865 GC heap before
{Heap before GC invocations=17 (full 0):
 garbage-first heap   total 91136K, used 70403K [0x0000000080000000, 0x0000000100000000)
  region size 1024K, 21 young (21504K), 3 survivors (3072K)
 Metaspace       used 46904K, committed 47360K, reserved 1114112K
  class space    used 6260K, committed 6464K, reserved 1048576K
}
Event: 3.867 GC heap after
{Heap after GC invocations=18 (full 0):
 garbage-first heap   total 91136K, used 47805K [0x0000000080000000, 0x0000000100000000)
  region size 1024K, 3 young (3072K), 3 survivors (3072K)
 Metaspace       used 46904K, committed 47360K, reserved 1114112K
  class space    used 6260K, committed 6464K, reserved 1048576K
}
Event: 4.150 GC heap before
{Heap before GC invocations=18 (full 0):
 garbage-first heap   total 91136K, used 73405K [0x0000000080000000, 0x0000000100000000)
  region size 1024K, 28 young (28672K), 3 survivors (3072K)
 Metaspace       used 49570K, committed 49984K, reserved 1114112K
  class space    used 6706K, committed 6912K, reserved 1048576K
}
Event: 4.152 GC heap after
{Heap after GC invocations=19 (full 0):
 garbage-first heap   total 109568K, used 50362K [0x0000000080000000, 0x0000000100000000)
  region size 1024K, 4 young (4096K), 4 survivors (4096K)
 Metaspace       used 49570K, committed 49984K, reserved 1114112K
  class space    used 6706K, committed 6912K, reserved 1048576K
}
Event: 4.177 GC heap before
{Heap before GC invocations=20 (full 0):
 garbage-first heap   total 109568K, used 54458K [0x0000000080000000, 0x0000000100000000)
  region size 1024K, 6 young (6144K), 4 survivors (4096K)
 Metaspace       used 49588K, committed 50048K, reserved 1114112K
  class space    used 6707K, committed 6912K, reserved 1048576K
}
Event: 4.179 GC heap after
{Heap after GC invocations=21 (full 0):
 garbage-first heap   total 109568K, used 54266K [0x0000000080000000, 0x0000000100000000)
  region size 1024K, 4 young (4096K), 4 survivors (4096K)
 Metaspace       used 49588K, committed 50048K, reserved 1114112K
  class space    used 6707K, committed 6912K, reserved 1048576K
}

Dll operation events (3 events):
Event: 0.005 Loaded shared library C:\Program Files\Android\Android Studio\jbr\bin\java.dll
Event: 0.095 Loaded shared library C:\Program Files\Android\Android Studio\jbr\bin\zip.dll
Event: 0.293 Loaded shared library C:\Program Files\Android\Android Studio\jbr\bin\verify.dll

Deoptimization events (20 events):
Event: 4.065 Thread 0x0000025f4bc62240 Uncommon trap: trap_request=0xffffffde fr.pc=0x0000025f366c9c18 relative=0x0000000000000078
Event: 4.065 Thread 0x0000025f4bc62240 Uncommon trap: reason=class_check action=maybe_recompile pc=0x0000025f366c9c18 method=java.util.Collections$SetFromMap.remove(Ljava/lang/Object;)Z @ 5 c2
Event: 4.065 Thread 0x0000025f4bc62240 DEOPT PACKING pc=0x0000025f366c9c18 sp=0x000000bf18df9130
Event: 4.065 Thread 0x0000025f4bc62240 DEOPT UNPACKING pc=0x0000025f360369a3 sp=0x000000bf18df90c8 mode 2
Event: 4.066 Thread 0x0000025f4bc62240 Uncommon trap: trap_request=0xffffffde fr.pc=0x0000025f366c9c18 relative=0x0000000000000078
Event: 4.066 Thread 0x0000025f4bc62240 Uncommon trap: reason=class_check action=maybe_recompile pc=0x0000025f366c9c18 method=java.util.Collections$SetFromMap.remove(Ljava/lang/Object;)Z @ 5 c2
Event: 4.066 Thread 0x0000025f4bc62240 DEOPT PACKING pc=0x0000025f366c9c18 sp=0x000000bf18df9130
Event: 4.066 Thread 0x0000025f4bc62240 DEOPT UNPACKING pc=0x0000025f360369a3 sp=0x000000bf18df90c8 mode 2
Event: 4.074 Thread 0x0000025f4bc62240 DEOPT PACKING pc=0x0000025f2ee595d4 sp=0x000000bf18df9ac0
Event: 4.074 Thread 0x0000025f4bc62240 DEOPT UNPACKING pc=0x0000025f36037143 sp=0x000000bf18df9018 mode 0
Event: 4.113 Thread 0x0000025f4bc62240 Uncommon trap: trap_request=0xffffff45 fr.pc=0x0000025f3681e3bc relative=0x0000000000000f1c
Event: 4.113 Thread 0x0000025f4bc62240 Uncommon trap: reason=unstable_if action=reinterpret pc=0x0000025f3681e3bc method=java.util.concurrent.ConcurrentHashMap.addCount(JI)V @ 7 c2
Event: 4.113 Thread 0x0000025f4bc62240 DEOPT PACKING pc=0x0000025f3681e3bc sp=0x000000bf18df9000
Event: 4.113 Thread 0x0000025f4bc62240 DEOPT UNPACKING pc=0x0000025f360369a3 sp=0x000000bf18df8ed0 mode 2
Event: 4.114 Thread 0x0000025f4bc62240 Uncommon trap: trap_request=0xffffffde fr.pc=0x0000025f366c9c18 relative=0x0000000000000078
Event: 4.114 Thread 0x0000025f4bc62240 Uncommon trap: reason=class_check action=maybe_recompile pc=0x0000025f366c9c18 method=java.util.Collections$SetFromMap.remove(Ljava/lang/Object;)Z @ 5 c2
Event: 4.114 Thread 0x0000025f4bc62240 DEOPT PACKING pc=0x0000025f366c9c18 sp=0x000000bf18df8f70
Event: 4.114 Thread 0x0000025f4bc62240 DEOPT UNPACKING pc=0x0000025f360369a3 sp=0x000000bf18df8f08 mode 2
Event: 4.131 Thread 0x0000025f4ca931e0 DEOPT PACKING pc=0x0000025f2ee5fd08 sp=0x000000bf1b2fd6b0
Event: 4.131 Thread 0x0000025f4ca931e0 DEOPT UNPACKING pc=0x0000025f36037143 sp=0x000000bf1b2fcbb8 mode 0

Classes unloaded (0 events):
No events

Classes redefined (0 events):
No events

Internal exceptions (20 events):
Event: 3.857 Thread 0x0000025f4bc62240 Exception <a 'java/lang/ClassNotFoundException'{0x000000008445dbe0}: org/gradle/api/internal/artifacts/dsl/dependencies/DefaultDependencyHandler_DecoratedCustomizer> (0x000000008445dbe0) 
thrown [s\src\hotspot\share\classfile\systemDictionary.cpp, line 256]
Event: 3.859 Thread 0x0000025f4bc62240 Exception <a 'java/lang/ClassNotFoundException'{0x00000000844a1c70}: sync_studio_tooling_ayillosa8f9yihedwm5is8df2$_run_closure1BeanInfo> (0x00000000844a1c70) 
thrown [s\src\hotspot\share\classfile\systemDictionary.cpp, line 256]
Event: 3.859 Thread 0x0000025f4bc62240 Exception <a 'java/lang/ClassNotFoundException'{0x00000000844a8c48}: sync_studio_tooling_ayillosa8f9yihedwm5is8df2$_run_closure1Customizer> (0x00000000844a8c48) 
thrown [s\src\hotspot\share\classfile\systemDictionary.cpp, line 256]
Event: 3.899 Thread 0x0000025f4bc62240 Exception <a 'java/lang/NoSuchMethodError'{0x000000008cb54850}: 'java.lang.Object java.lang.invoke.DirectMethodHandle$Holder.newInvokeSpecial(java.lang.Object, int, java.lang.Object)'> (0x000000008cb54850) 
thrown [s\src\hotspot\share\interpreter\linkResolver.cpp, line 771]
Event: 3.928 Thread 0x0000025f4bc62240 Exception <a 'java/lang/NoSuchMethodError'{0x000000008c8e5ba0}: 'void java.lang.invoke.DirectMethodHandle$Holder.invokeInterface(java.lang.Object, java.lang.Object)'> (0x000000008c8e5ba0) 
thrown [s\src\hotspot\share\interpreter\linkResolver.cpp, line 771]
Event: 4.017 Thread 0x0000025f4bc62240 Exception <a 'java/lang/NoSuchMethodError'{0x0000000084996818}: 'java.lang.Object java.lang.invoke.DirectMethodHandle$Holder.newInvokeSpecial(java.lang.Object, java.lang.Object, java.lang.Object, java.lang.Object, int, java.lang.Object)'> (0x0000000084996818) 
thrown [s\src\hotspot\share\interpreter\linkResolver.cpp, line 771]
Event: 4.018 Thread 0x0000025f4bc62240 Exception <a 'java/lang/NoSuchMethodError'{0x000000008499f6a8}: 'java.lang.Object java.lang.invoke.Invokers$Holder.linkToTargetMethod(java.lang.Object, java.lang.Object, java.lang.Object, int, java.lang.Object, java.lang.Object)'> (0x000000008499f6a8) 
thrown [s\src\hotspot\share\interpreter\linkResolver.cpp, line 771]
Event: 4.033 Thread 0x0000025f4bc62240 Exception <a 'java/lang/IncompatibleClassChangeError'{0x0000000084708480}: Found class java.lang.Object, but interface was expected> (0x0000000084708480) 
thrown [s\src\hotspot\share\interpreter\linkResolver.cpp, line 838]
Event: 4.051 Thread 0x0000025f4ca95a60 Exception <a 'java/lang/NoSuchMethodError'{0x0000000084692dc0}: 'java.lang.Object java.lang.invoke.DirectMethodHandle$Holder.invokeVirtual(java.lang.Object, java.lang.Object, int)'> (0x0000000084692dc0) 
thrown [s\src\hotspot\share\interpreter\linkResolver.cpp, line 771]
Event: 4.051 Thread 0x0000025f4bc62240 Exception <a 'java/lang/NoSuchMethodError'{0x00000000847d1ff8}: 'java.lang.Object java.lang.invoke.DirectMethodHandle$Holder.invokeVirtual(java.lang.Object, java.lang.Object, int)'> (0x00000000847d1ff8) 
thrown [s\src\hotspot\share\interpreter\linkResolver.cpp, line 771]
Event: 4.054 Thread 0x0000025f4ca95a60 Exception <a 'java/lang/NoSuchMethodError'{0x00000000846bc800}: 'void java.lang.invoke.DirectMethodHandle$Holder.invokeStatic(java.lang.Object, java.lang.Object, java.lang.Object, int)'> (0x00000000846bc800) 
thrown [s\src\hotspot\share\interpreter\linkResolver.cpp, line 771]
Event: 4.054 Thread 0x0000025f4bc62240 Exception <a 'java/lang/NoSuchMethodError'{0x00000000847ebf18}: 'void java.lang.invoke.DirectMethodHandle$Holder.invokeStatic(java.lang.Object, java.lang.Object, java.lang.Object, int)'> (0x00000000847ebf18) 
thrown [s\src\hotspot\share\interpreter\linkResolver.cpp, line 771]
Event: 4.086 Thread 0x0000025f4bc62240 Exception <a 'java/lang/ClassNotFoundException'{0x00000000844a3d38}: sync_studio_tooling_ayillosa8f9yihedwm5is8df2BeanInfo> (0x00000000844a3d38) 
thrown [s\src\hotspot\share\classfile\systemDictionary.cpp, line 256]
Event: 4.086 Thread 0x0000025f4bc62240 Exception <a 'java/lang/ClassNotFoundException'{0x00000000844aa6e8}: sync_studio_tooling_ayillosa8f9yihedwm5is8df2Customizer> (0x00000000844aa6e8) 
thrown [s\src\hotspot\share\classfile\systemDictionary.cpp, line 256]
Event: 4.105 Thread 0x0000025f4bc62240 Exception <a 'java/lang/ClassNotFoundException'{0x000000008406eb10}: ijInit1_1lrnq41mlvmp4vui41dbcvw24BeanInfo> (0x000000008406eb10) 
thrown [s\src\hotspot\share\classfile\systemDictionary.cpp, line 256]
Event: 4.105 Thread 0x0000025f4bc62240 Exception <a 'java/lang/ClassNotFoundException'{0x0000000084075488}: ijInit1_1lrnq41mlvmp4vui41dbcvw24Customizer> (0x0000000084075488) 
thrown [s\src\hotspot\share\classfile\systemDictionary.cpp, line 256]
Event: 4.110 Thread 0x0000025f4bc62240 Exception <a 'java/lang/ClassNotFoundException'{0x00000000840e7a30}: ijInit1_1lrnq41mlvmp4vui41dbcvw24$_run_closure1BeanInfo> (0x00000000840e7a30) 
thrown [s\src\hotspot\share\classfile\systemDictionary.cpp, line 256]
Event: 4.110 Thread 0x0000025f4bc62240 Exception <a 'java/lang/ClassNotFoundException'{0x00000000840ee9b8}: ijInit1_1lrnq41mlvmp4vui41dbcvw24$_run_closure1Customizer> (0x00000000840ee9b8) 
thrown [s\src\hotspot\share\classfile\systemDictionary.cpp, line 256]
Event: 4.159 Thread 0x0000025f4bc62240 Exception <a 'java/lang/ClassNotFoundException'{0x000000008ff77540}: ijInit1_1lrnq41mlvmp4vui41dbcvw24BeanInfo> (0x000000008ff77540) 
thrown [s\src\hotspot\share\classfile\systemDictionary.cpp, line 256]
Event: 4.159 Thread 0x0000025f4bc62240 Exception <a 'java/lang/ClassNotFoundException'{0x000000008ff7de58}: ijInit1_1lrnq41mlvmp4vui41dbcvw24Customizer> (0x000000008ff7de58) 
thrown [s\src\hotspot\share\classfile\systemDictionary.cpp, line 256]

VM Operations (20 events):
Event: 3.777 Executing VM operation: HandshakeAllThreads
Event: 3.777 Executing VM operation: HandshakeAllThreads done
Event: 3.780 Executing VM operation: HandshakeAllThreads
Event: 3.780 Executing VM operation: HandshakeAllThreads done
Event: 3.784 Executing VM operation: HandshakeAllThreads
Event: 3.785 Executing VM operation: HandshakeAllThreads done
Event: 3.835 Executing VM operation: HandshakeAllThreads
Event: 3.835 Executing VM operation: HandshakeAllThreads done
Event: 3.865 Executing VM operation: G1CollectForAllocation
Event: 3.867 Executing VM operation: G1CollectForAllocation done
Event: 4.020 Executing VM operation: HandshakeAllThreads
Event: 4.020 Executing VM operation: HandshakeAllThreads done
Event: 4.150 Executing VM operation: G1CollectForAllocation
Event: 4.152 Executing VM operation: G1CollectForAllocation done
Event: 4.165 Executing VM operation: G1PauseRemark
Event: 4.166 Executing VM operation: G1PauseRemark done
Event: 4.172 Executing VM operation: G1PauseCleanup
Event: 4.172 Executing VM operation: G1PauseCleanup done
Event: 4.177 Executing VM operation: G1TryInitiateConcMark
Event: 4.179 Executing VM operation: G1TryInitiateConcMark done

Events (20 events):
Event: 3.976 loading class java/io/DeleteOnExitHook done
Event: 3.976 loading class java/io/DeleteOnExitHook$1
Event: 3.976 loading class java/io/DeleteOnExitHook$1 done
Event: 4.012 loading class sun/reflect/ReflectionFactory
Event: 4.012 loading class sun/reflect/ReflectionFactory done
Event: 4.012 loading class sun/reflect/ReflectionFactory$1
Event: 4.012 loading class sun/reflect/ReflectionFactory$1 done
Event: 4.039 Thread 0x0000025f4ca95a60 Thread added: 0x0000025f4ca95a60
Event: 4.040 Thread 0x0000025f4ca927c0 Thread added: 0x0000025f4ca927c0
Event: 4.060 loading class java/nio/channels/Channels
Event: 4.060 loading class java/nio/channels/Channels done
Event: 4.060 loading class sun/nio/ch/ChannelInputStream
Event: 4.060 loading class sun/nio/ch/ChannelInputStream done
Event: 4.117 Thread 0x0000025f4ca95040 Thread added: 0x0000025f4ca95040
Event: 4.117 Thread 0x0000025f4ca93c00 Thread added: 0x0000025f4ca93c00
Event: 4.117 Thread 0x0000025f4ca92cd0 Thread added: 0x0000025f4ca92cd0
Event: 4.117 Thread 0x0000025f4ca931e0 Thread added: 0x0000025f4ca931e0
Event: 4.118 Thread 0x0000025f4ca95550 Thread added: 0x0000025f4ca95550
Event: 4.118 Thread 0x0000025f4eba2970 Thread added: 0x0000025f4eba2970
Event: 4.119 Thread 0x0000025f4eb9c430 Thread added: 0x0000025f4eb9c430


Dynamic libraries:
0x00007ff6c21b0000 - 0x00007ff6c21ba000 	C:\Program Files\Android\Android Studio\jbr\bin\java.exe
0x00007ffd02650000 - 0x00007ffd02848000 	C:\Windows\SYSTEM32\ntdll.dll
0x00007ffd00b80000 - 0x00007ffd00c3d000 	C:\Windows\System32\KERNEL32.DLL
0x00007ffcfff70000 - 0x00007ffd00266000 	C:\Windows\System32\KERNELBASE.dll
0x00007ffd003d0000 - 0x00007ffd004d0000 	C:\Windows\System32\ucrtbase.dll
0x00007ffcdeb30000 - 0x00007ffcdeb47000 	C:\Program Files\Android\Android Studio\jbr\bin\jli.dll
0x00007ffd009e0000 - 0x00007ffd00b7f000 	C:\Windows\System32\USER32.dll
0x00007ffcffd10000 - 0x00007ffcffd32000 	C:\Windows\System32\win32u.dll
0x00007ffd02060000 - 0x00007ffd0208b000 	C:\Windows\System32\GDI32.dll
0x00007ffcea9f0000 - 0x00007ffceac8a000 	C:\Windows\WinSxS\amd64_microsoft.windows.common-controls_6595b64144ccf1df_6.0.19041.4355_none_60b8b9eb71f62e16\COMCTL32.dll
0x00007ffd00570000 - 0x00007ffd00687000 	C:\Windows\System32\gdi32full.dll
0x00007ffd02090000 - 0x00007ffd0212e000 	C:\Windows\System32\msvcrt.dll
0x00007ffcffdd0000 - 0x00007ffcffe6d000 	C:\Windows\System32\msvcp_win.dll
0x00007ffcda840000 - 0x00007ffcda85b000 	C:\Program Files\Android\Android Studio\jbr\bin\VCRUNTIME140.dll
0x00007ffd02030000 - 0x00007ffd0205f000 	C:\Windows\System32\IMM32.DLL
0x00007ffcdbf50000 - 0x00007ffcdbf5c000 	C:\Program Files\Android\Android Studio\jbr\bin\vcruntime140_1.dll
0x00007ffc941f0000 - 0x00007ffc9427d000 	C:\Program Files\Android\Android Studio\jbr\bin\msvcp140.dll
0x00007ffc79730000 - 0x00007ffc7a3b3000 	C:\Program Files\Android\Android Studio\jbr\bin\server\jvm.dll
0x00007ffd018e0000 - 0x00007ffd01990000 	C:\Windows\System32\ADVAPI32.dll
0x00007ffd01c50000 - 0x00007ffd01cf0000 	C:\Windows\System32\sechost.dll
0x00007ffd01de0000 - 0x00007ffd01f03000 	C:\Windows\System32\RPCRT4.dll
0x00007ffd004d0000 - 0x00007ffd004f7000 	C:\Windows\System32\bcrypt.dll
0x00007ffceddb0000 - 0x00007ffceddb9000 	C:\Windows\SYSTEM32\WSOCK32.dll
0x00007ffcf7d90000 - 0x00007ffcf7d9a000 	C:\Windows\SYSTEM32\VERSION.dll
0x00007ffcf4ff0000 - 0x00007ffcf5017000 	C:\Windows\SYSTEM32\WINMM.dll
0x00007ffcff240000 - 0x00007ffcff28b000 	C:\Windows\SYSTEM32\POWRPROF.dll
0x00007ffd01cf0000 - 0x00007ffd01d5b000 	C:\Windows\System32\WS2_32.dll
0x00007ffcff100000 - 0x00007ffcff112000 	C:\Windows\SYSTEM32\UMPDC.dll
0x00007ffcfdbb0000 - 0x00007ffcfdbc2000 	C:\Windows\SYSTEM32\kernel.appcore.dll
0x00007ffcedd40000 - 0x00007ffcedd4a000 	C:\Program Files\Android\Android Studio\jbr\bin\jimage.dll
0x00007ffcf7a80000 - 0x00007ffcf7c64000 	C:\Windows\SYSTEM32\DBGHELP.DLL
0x00007ffce8b90000 - 0x00007ffce8bc4000 	C:\Windows\SYSTEM32\dbgcore.DLL
0x00007ffcffd40000 - 0x00007ffcffdc2000 	C:\Windows\System32\bcryptPrimitives.dll
0x00007ffcdeb50000 - 0x00007ffcdeb5e000 	C:\Program Files\Android\Android Studio\jbr\bin\instrument.dll
0x00007ffce0e00000 - 0x00007ffce0e25000 	C:\Program Files\Android\Android Studio\jbr\bin\java.dll
0x00007ffce1a40000 - 0x00007ffce1a58000 	C:\Program Files\Android\Android Studio\jbr\bin\zip.dll
0x00007ffd00da0000 - 0x00007ffd0150c000 	C:\Windows\System32\SHELL32.dll
0x00007ffcfddb0000 - 0x00007ffcfe54d000 	C:\Windows\SYSTEM32\windows.storage.dll
0x00007ffd01520000 - 0x00007ffd01873000 	C:\Windows\System32\combase.dll
0x00007ffcff730000 - 0x00007ffcff75e000 	C:\Windows\SYSTEM32\Wldp.dll
0x00007ffd00cd0000 - 0x00007ffd00d9d000 	C:\Windows\System32\OLEAUT32.dll
0x00007ffd01990000 - 0x00007ffd01a3d000 	C:\Windows\System32\SHCORE.dll
0x00007ffd01880000 - 0x00007ffd018d5000 	C:\Windows\System32\shlwapi.dll
0x00007ffcffc40000 - 0x00007ffcffc64000 	C:\Windows\SYSTEM32\profapi.dll
0x00007ffcdece0000 - 0x00007ffcdecf9000 	C:\Program Files\Android\Android Studio\jbr\bin\net.dll
0x00007ffcf8e70000 - 0x00007ffcf8f7a000 	C:\Windows\SYSTEM32\WINHTTP.dll
0x00007ffcff490000 - 0x00007ffcff4fa000 	C:\Windows\system32\mswsock.dll
0x00007ffcdecc0000 - 0x00007ffcdecd6000 	C:\Program Files\Android\Android Studio\jbr\bin\nio.dll
0x00007ffcedcb0000 - 0x00007ffcedcc0000 	C:\Program Files\Android\Android Studio\jbr\bin\verify.dll
0x00007ffcac330000 - 0x00007ffcac357000 	C:\Users\Mahrus\.gradle\native\c067742578af261105cb4f569cf0c3c89f3d7b1fecec35dd04571415982c5e48\windows-amd64\native-platform.dll
0x00007ffc79370000 - 0x00007ffc794b4000 	C:\Users\Mahrus\.gradle\native\38dada09dfb8b06ba9b0570ebf7e218e3eb74d4ef43ca46872605cf95ebc2f47\windows-amd64\native-platform-file-events.dll
0x00007ffce4c60000 - 0x00007ffce4c69000 	C:\Program Files\Android\Android Studio\jbr\bin\management.dll
0x00007ffcdeb60000 - 0x00007ffcdeb6b000 	C:\Program Files\Android\Android Studio\jbr\bin\management_ext.dll
0x00007ffd00800000 - 0x00007ffd00808000 	C:\Windows\System32\PSAPI.DLL
0x00007ffcff680000 - 0x00007ffcff698000 	C:\Windows\SYSTEM32\CRYPTSP.dll
0x00007ffcfed40000 - 0x00007ffcfed74000 	C:\Windows\system32\rsaenh.dll
0x00007ffcffbf0000 - 0x00007ffcffc1e000 	C:\Windows\SYSTEM32\USERENV.dll
0x00007ffcff6a0000 - 0x00007ffcff6ac000 	C:\Windows\SYSTEM32\CRYPTBASE.dll
0x00007ffcff120000 - 0x00007ffcff15b000 	C:\Windows\SYSTEM32\IPHLPAPI.DLL
0x00007ffd02130000 - 0x00007ffd02138000 	C:\Windows\System32\NSI.dll
0x00007ffcf9b90000 - 0x00007ffcf9ba7000 	C:\Windows\SYSTEM32\dhcpcsvc6.DLL
0x00007ffcfa3e0000 - 0x00007ffcfa3fd000 	C:\Windows\SYSTEM32\dhcpcsvc.DLL
0x00007ffcff170000 - 0x00007ffcff23a000 	C:\Windows\SYSTEM32\DNSAPI.dll
0x00007ffcebb30000 - 0x00007ffcebb39000 	C:\Program Files\Android\Android Studio\jbr\bin\extnet.dll
0x00007ffcedb60000 - 0x00007ffcedb67000 	C:\Windows\system32\wshunix.dll

dbghelp: loaded successfully - version: 4.0.5 - missing functions: none
symbol engine: initialized successfully - sym options: 0x614 - pdb path: .;C:\Program Files\Android\Android Studio\jbr\bin;C:\Windows\SYSTEM32;C:\Windows\WinSxS\amd64_microsoft.windows.common-controls_6595b64144ccf1df_6.0.19041.4355_none_60b8b9eb71f62e16;C:\Program Files\Android\Android Studio\jbr\bin\server;C:\Users\Mahrus\.gradle\native\c067742578af261105cb4f569cf0c3c89f3d7b1fecec35dd04571415982c5e48\windows-amd64;C:\Users\Mahrus\.gradle\native\38dada09dfb8b06ba9b0570ebf7e218e3eb74d4ef43ca46872605cf95ebc2f47\windows-amd64

VM Arguments:
jvm_args: --add-opens=java.base/java.util=ALL-UNNAMED --add-opens=java.base/java.lang=ALL-UNNAMED --add-opens=java.base/java.lang.invoke=ALL-UNNAMED --add-opens=java.prefs/java.util.prefs=ALL-UNNAMED --add-opens=java.base/java.nio.charset=ALL-UNNAMED --add-opens=java.base/java.net=ALL-UNNAMED --add-opens=java.base/java.util.concurrent.atomic=ALL-UNNAMED -Xmx2048m -Dfile.encoding=UTF-8 -Duser.country=ID -Duser.language=en -Duser.variant -javaagent:C:\Users\Mahrus\.gradle\wrapper\dists\gradle-8.6-bin\afr5mpiioh2wthjmwnkmdsd5w\gradle-8.6\lib\agents\gradle-instrumentation-agent-8.6.jar 
java_command: org.gradle.launcher.daemon.bootstrap.GradleDaemon 8.6
java_class_path (initial): C:\Users\Mahrus\.gradle\wrapper\dists\gradle-8.6-bin\afr5mpiioh2wthjmwnkmdsd5w\gradle-8.6\lib\gradle-launcher-8.6.jar
Launcher Type: SUN_STANDARD

[Global flags]
     intx CICompilerCount                          = 4                                         {product} {ergonomic}
     uint ConcGCThreads                            = 3                                         {product} {ergonomic}
     uint G1ConcRefinementThreads                  = 10                                        {product} {ergonomic}
   size_t G1HeapRegionSize                         = 1048576                                   {product} {ergonomic}
    uintx GCDrainStackTargetSize                   = 64                                        {product} {ergonomic}
   size_t InitialHeapSize                          = 268435456                                 {product} {ergonomic}
   size_t MarkStackSize                            = 4194304                                   {product} {ergonomic}
   size_t MaxHeapSize                              = 2147483648                                {product} {command line}
   size_t MaxNewSize                               = 1287651328                                {product} {ergonomic}
   size_t MinHeapDeltaBytes                        = 1048576                                   {product} {ergonomic}
   size_t MinHeapSize                              = 8388608                                   {product} {ergonomic}
    uintx NonNMethodCodeHeapSize                   = 5839372                                {pd product} {ergonomic}
    uintx NonProfiledCodeHeapSize                  = 122909434                              {pd product} {ergonomic}
    uintx ProfiledCodeHeapSize                     = 122909434                              {pd product} {ergonomic}
    uintx ReservedCodeCacheSize                    = 251658240                              {pd product} {ergonomic}
     bool SegmentedCodeCache                       = true                                      {product} {ergonomic}
   size_t SoftMaxHeapSize                          = 2147483648                             {manageable} {ergonomic}
     bool UseCompressedClassPointers               = true                           {product lp64_product} {ergonomic}
     bool UseCompressedOops                        = true                           {product lp64_product} {ergonomic}
     bool UseG1GC                                  = true                                      {product} {ergonomic}
     bool UseLargePagesIndividualAllocation        = false                                  {pd product} {ergonomic}

Logging:
Log output configuration:
 #0: stdout all=warning uptime,level,tags
 #1: stderr all=off uptime,level,tags

Environment Variables:
PATH=C:\Program Files (x86)\Common Files\Oracle\Java\javapath;C:\Windows\system32;C:\Windows;C:\Windows\System32\Wbem;C:\Windows\System32\WindowsPowerShell\v1.0\;C:\Windows\System32\OpenSSH\;C:\Program Files\Cloudflare\Cloudflare WARP\;C:\Program Files\Git\cmd;C:\xampp\php;C:\ProgramData\ComposerSetup\bin;C:\Program Files (x86)\Common Files\Oracle\Java\javapath;C:\Windows\system32;C:\Windows;C:\Windows\System32\Wbem;C:\Windows\System32\WindowsPowerShell\v1.0\;C:\Windows\System32\OpenSSH\;C:\Program Files\Cloudflare\Cloudflare WARP\;C:\Program Files\Git\cmd;C:\xampp\php;C:\ProgramData\ComposerSetup\bin;C:\Users\Mahrus\AppData\Local\Temp\_MEI46282;C:\Users\Mahrus\AppData\Roaming\Composer\vendor\bin;C:\Users\Mahrus\AppData\Local\Programs\Microsoft VS Code\bin
USERNAME=Mahrus
OS=Windows_NT
PROCESSOR_IDENTIFIER=AMD64 Family 23 Model 113 Stepping 0, AuthenticAMD
TMP=C:\Users\Mahrus\AppData\Local\Temp
TEMP=C:\Users\Mahrus\AppData\Local\Temp



Periodic native trim disabled

JNI global refs:
JNI global refs: 27, weak refs: 2

JNI global refs memory usage: 843, weak refs: 841

OOME stack traces (most recent first):
Classloader memory used:
Loader org.gradle.internal.classloader.VisitableURLClassLoader                         : 2956K
Loader bootstrap                                                                       : 2361K
Loader org.gradle.initialization.MixInLegacyTypesClassLoader                           : 717K
Loader jdk.internal.loader.ClassLoaders$PlatformClassLoader                            : 65094B
Loader org.gradle.internal.classloader.VisitableURLClassLoader                         : 57066B
Loader jdk.internal.loader.ClassLoaders$AppClassLoader                                 : 28729B
Loader jdk.internal.reflect.DelegatingClassLoader                                      : 25465B
Loader org.gradle.groovy.scripts.internal.DefaultScriptCompilationHandler$ScriptClassLoader: 10981B
Loader org.codehaus.groovy.runtime.callsite.CallSiteClassLoader                        : 2572B
Loader org.gradle.internal.classloader.VisitableURLClassLoader$InstrumentingVisitableURLClassLoader: 100B

Classes loaded by more than one classloader:
Class org.gradle.api.GradleException                                                  : loaded 3 times (x 80B)
Class org.gradle.util.GradleVersion                                                   : loaded 2 times (x 81B)
Class org.gradle.internal.classpath.ClassPath                                         : loaded 2 times (x 68B)
Class org.gradle.api.internal.classpath.DefaultModuleRegistry                         : loaded 2 times (x 84B)
Class org.gradle.internal.exceptions.NonGradleCauseExceptionsHolder                   : loaded 2 times (x 68B)
Class org.gradle.api.Action                                                           : loaded 2 times (x 68B)
Class org.gradle.api.internal.DefaultClassPathProvider                                : loaded 2 times (x 74B)
Class org.gradle.internal.installation.GradleInstallation$1                           : loaded 2 times (x 73B)
Class org.gradle.internal.exceptions.DefaultMultiCauseException                       : loaded 2 times (x 89B)
Class org.gradle.internal.time.MonotonicClock                                         : loaded 2 times (x 75B)
Class org.gradle.internal.classloader.FilteringClassLoader                            : loaded 2 times (x 103B)
Class org.gradle.internal.classpath.DefaultClassPath$ImmutableUniqueList$Builder      : loaded 2 times (x 73B)
Class sync_studio_tooling_ayillosa8f9yihedwm5is8df2$_run_closure1                     : loaded 2 times (x 137B)
Class org.gradle.internal.classloader.ClassLoaderVisitor                              : loaded 2 times (x 74B)
Class org.gradle.internal.time.DefaultCountdownTimer                                  : loaded 2 times (x 86B)
Class org.gradle.internal.service.DefaultServiceLocator                               : loaded 2 times (x 81B)
Class org.gradle.internal.service.UnknownServiceException                             : loaded 2 times (x 81B)
Class org.gradle.internal.classloader.DefaultClassLoaderFactory                       : loaded 2 times (x 80B)
Class org.gradle.internal.classloader.VisitableURLClassLoader$Spec                    : loaded 2 times (x 72B)
Class org.gradle.tooling.model.ProjectModel                                           : loaded 2 times (x 68B)
Class org.gradle.internal.installation.GradleInstallation                             : loaded 2 times (x 73B)
Class org.gradle.api.internal.classpath.ModuleRegistry                                : loaded 2 times (x 68B)
Class org.gradle.api.internal.ClassPathProvider                                       : loaded 2 times (x 68B)
Class org.gradle.internal.classloader.ClasspathUtil$1                                 : loaded 2 times (x 74B)
Class org.gradle.internal.classloader.ClassLoaderFactory                              : loaded 2 times (x 68B)
Class org.gradle.api.internal.classpath.ManifestUtil                                  : loaded 2 times (x 69B)
Class org.gradle.api.specs.Spec                                                       : loaded 2 times (x 68B)
Class org.gradle.internal.IoActions                                                   : loaded 2 times (x 69B)
Class org.gradle.api.internal.classpath.EffectiveClassPath                            : loaded 2 times (x 88B)
Class org.gradle.internal.installation.CurrentGradleInstallation                      : loaded 2 times (x 71B)
Class org.gradle.internal.agents.InstrumentingClassLoader                             : loaded 2 times (x 68B)
Class org.gradle.internal.installation.CurrentGradleInstallationLocator               : loaded 2 times (x 69B)
Class org.gradle.api.internal.classpath.Module                                        : loaded 2 times (x 68B)
Class org.gradle.internal.service.CachingServiceLocator                               : loaded 2 times (x 80B)
Class org.gradle.internal.time.Timer                                                  : loaded 2 times (x 68B)
Class org.gradle.internal.classpath.DefaultClassPath                                  : loaded 2 times (x 88B)
Class org.gradle.internal.time.Time                                                   : loaded 2 times (x 69B)
Class org.gradle.internal.time.TimeSource$1                                           : loaded 2 times (x 75B)
Class sync_studio_tooling_ayillosa8f9yihedwm5is8df2                                   : loaded 2 times (x 177B)
Class org.gradle.internal.classloader.SystemClassLoaderSpec                           : loaded 2 times (x 69B)
Class kotlin.Function                                                                 : loaded 2 times (x 68B)
Class org.gradle.api.UncheckedIOException                                             : loaded 2 times (x 80B)
Class org.gradle.internal.time.CountdownTimer                                         : loaded 2 times (x 68B)
Class org.gradle.internal.time.Clock                                                  : loaded 2 times (x 68B)
Class org.gradle.internal.classloader.ClasspathUtil                                   : loaded 2 times (x 69B)
Class org.gradle.api.internal.DefaultClassPathRegistry                                : loaded 2 times (x 74B)
Class org.gradle.api.internal.classpath.DefaultModuleRegistry$DefaultModule           : loaded 2 times (x 84B)
Class org.gradle.internal.time.TimeSource                                             : loaded 2 times (x 68B)
Class org.gradle.api.internal.classpath.UnknownModuleException                        : loaded 2 times (x 80B)
Class org.gradle.internal.service.ServiceLookupException                              : loaded 2 times (x 80B)
Class org.gradle.cache.GlobalCache                                                    : loaded 2 times (x 68B)
Class [Lorg.gradle.api.internal.ClassPathProvider;                                    : loaded 2 times (x 67B)
Class org.gradle.internal.operations.MultipleBuildOperationFailures                   : loaded 2 times (x 89B)
Class org.gradle.util.internal.GUtil                                                  : loaded 2 times (x 69B)
Class org.gradle.internal.classloader.ClassLoaderSpec                                 : loaded 2 times (x 69B)
Class ijInit1_1lrnq41mlvmp4vui41dbcvw24                                               : loaded 2 times (x 177B)
Class org.gradle.internal.classloader.VisitableURLClassLoader                         : loaded 2 times (x 115B)
Class org.gradle.internal.Cast                                                        : loaded 2 times (x 69B)
Class org.gradle.api.internal.ClassPathRegistry                                       : loaded 2 times (x 68B)
Class org.gradle.internal.classloader.VisitableURLClassLoader$InstrumentingVisitableURLClassLoader: loaded 2 times (x 121B)
Class org.gradle.internal.classloader.ClassLoaderHierarchy                            : loaded 2 times (x 68B)
Class org.gradle.internal.exceptions.MultiCauseException                              : loaded 2 times (x 68B)
Class org.gradle.internal.InternalTransformer                                         : loaded 2 times (x 68B)
Class org.gradle.internal.service.ServiceLocator                                      : loaded 2 times (x 68B)
Class org.gradle.internal.classpath.DefaultClassPath$ImmutableUniqueList              : loaded 2 times (x 159B)
Class org.gradle.internal.time.DefaultTimer                                           : loaded 2 times (x 78B)
Class org.gradle.internal.classpath.TransformedClassPath                              : loaded 2 times (x 94B)


---------------  S Y S T E M  ---------------

OS:
 Windows 10 , 64 bit Build 19041 (10.0.19041.3636)
OS uptime: 0 days 1:46 hours

CPU: total 12 (initial active 12) (12 cores per cpu, 2 threads per core) family 23 model 113 stepping 0 microcode 0x0, cx8, cmov, fxsr, ht, mmx, 3dnowpref, sse, sse2, sse3, ssse3, sse4a, sse4.1, sse4.2, popcnt, lzcnt, tsc, tscinvbit, avx, avx2, aes, clmul, bmi1, bmi2, adx, sha, fma, vzeroupper, clflush, clflushopt
Processor Information for all 12 processors :
  Max Mhz: 3593, Current Mhz: 3593, Mhz Limit: 3593

Memory: 4k page, system-wide physical 16335M (7859M free)
TotalPageFile size 20687M (AvailPageFile size 9862M)
current process WorkingSet (physical memory assigned to process): 268M, peak: 273M
current process commit charge ("private bytes"): 326M, peak: 404M

vm_info: OpenJDK 64-Bit Server VM (17.0.10+0--11572160) for windows-amd64 JRE (17.0.10+0--11572160), built on Mar 13 2024 23:56:38 by "androidbuild" with MS VC++ 16.10 / 16.11 (VS2019)

END.
